# JRE version: Java(TM) SE Runtime Environment (8.0_191-b12) (build 1.8.0_191-b12)
# Java VM: Java HotSpot(TM) 64-Bit Server VM (25.191-b12 mixed mode windows-amd64 compressed oops)
Heap:
 PSYoungGen      total 520704K, used 315522K [0x00000000d5700000, 0x0000000100000000, 0x0000000100000000)
  eden space 493056K, 59% used [0x00000000d5700000,0x00000000e750d6b0,0x00000000f3880000)
  from space 27648K, 81% used [0x00000000f3880000,0x00000000f4e931e0,0x00000000f5380000)
  to   space 30208K, 0% used [0x00000000fe280000,0x00000000fe280000,0x0000000100000000)
 ParOldGen       total 111104K, used 37302K [0x0000000080400000, 0x0000000087080000, 0x00000000d5700000)
  object space 111104K, 33% used [0x0000000080400000,0x000000008286da58,0x0000000087080000)
 Metaspace       used 65805K, capacity 68480K, committed 68608K, reserved 1107968K
  class space    used 8692K, capacity 9154K, committed 9216K, reserved 1048576K
GC Heap History (10 events):
Event: 7.640 GC heap before
{Heap before GC invocations=12 (full 2):
 PSYoungGen      total 266240K, used 249856K [0x00000000d5700000, 0x00000000eee80000, 0x0000000100000000)
  eden space 249856K, 100% used [0x00000000d5700000,0x00000000e4b00000,0x00000000e4b00000)
  from space 16384K, 0% used [0x00000000e4b00000,0x00000000e4b00000,0x00000000e5b00000)
  to   space 27648K, 0% used [0x00000000ed380000,0x00000000ed380000,0x00000000eee80000)
 ParOldGen       total 111104K, used 48149K [0x0000000080400000, 0x0000000087080000, 0x00000000d5700000)
  object space 111104K, 43% used [0x0000000080400000,0x0000000083305400,0x0000000087080000)
 Metaspace       used 29079K, capacity 30012K, committed 30336K, reserved 1075200K
  class space    used 3687K, capacity 3892K, committed 3968K, reserved 1048576K
Event: 7.661 GC heap after
Heap after GC invocations=12 (full 2):
 PSYoungGen      total 378368K, used 15903K [0x00000000d5700000, 0x00000000ee900000, 0x0000000100000000)
  eden space 356352K, 0% used [0x00000000d5700000,0x00000000d5700000,0x00000000eb300000)
  from space 22016K, 72% used [0x00000000ed380000,0x00000000ee307f60,0x00000000ee900000)
  to   space 27648K, 0% used [0x00000000eb300000,0x00000000eb300000,0x00000000ece00000)
 ParOldGen       total 111104K, used 48157K [0x0000000080400000, 0x0000000087080000, 0x00000000d5700000)
  object space 111104K, 43% used [0x0000000080400000,0x0000000083307400,0x0000000087080000)
 Metaspace       used 29079K, capacity 30012K, committed 30336K, reserved 1075200K
  class space    used 3687K, capacity 3892K, committed 3968K, reserved 1048576K
}
Event: 11.727 GC heap before
{Heap before GC invocations=13 (full 2):
 PSYoungGen      total 378368K, used 372255K [0x00000000d5700000, 0x00000000ee900000, 0x0000000100000000)
  eden space 356352K, 100% used [0x00000000d5700000,0x00000000eb300000,0x00000000eb300000)
  from space 22016K, 72% used [0x00000000ed380000,0x00000000ee307f60,0x00000000ee900000)
  to   space 27648K, 0% used [0x00000000eb300000,0x00000000eb300000,0x00000000ece00000)
 ParOldGen       total 111104K, used 48157K [0x0000000080400000, 0x0000000087080000, 0x00000000d5700000)
  object space 111104K, 43% used [0x0000000080400000,0x0000000083307400,0x0000000087080000)
 Metaspace       used 42914K, capacity 44246K, committed 44544K, reserved 1087488K
  class space    used 5572K, capacity 5851K, committed 5888K, reserved 1048576K
Event: 11.753 GC heap after
Heap after GC invocations=13 (full 2):
 PSYoungGen      total 384000K, used 16227K [0x00000000d5700000, 0x00000000f7200000, 0x0000000100000000)
  eden space 356352K, 0% used [0x00000000d5700000,0x00000000d5700000,0x00000000eb300000)
  from space 27648K, 58% used [0x00000000eb300000,0x00000000ec2d8ed8,0x00000000ece00000)
  to   space 27648K, 0% used [0x00000000f5700000,0x00000000f5700000,0x00000000f7200000)
 ParOldGen       total 111104K, used 51040K [0x0000000080400000, 0x0000000087080000, 0x00000000d5700000)
  object space 111104K, 45% used [0x0000000080400000,0x00000000835d8008,0x0000000087080000)
 Metaspace       used 42914K, capacity 44246K, committed 44544K, reserved 1087488K
  class space    used 5572K, capacity 5851K, committed 5888K, reserved 1048576K
}
Event: 12.205 GC heap before
{Heap before GC invocations=14 (full 2):
 PSYoungGen      total 384000K, used 67182K [0x00000000d5700000, 0x00000000f7200000, 0x0000000100000000)
  eden space 356352K, 14% used [0x00000000d5700000,0x00000000d88c2bc0,0x00000000eb300000)
  from space 27648K, 58% used [0x00000000eb300000,0x00000000ec2d8ed8,0x00000000ece00000)
  to   space 27648K, 0% used [0x00000000f5700000,0x00000000f5700000,0x00000000f7200000)
 ParOldGen       total 111104K, used 51040K [0x0000000080400000, 0x0000000087080000, 0x00000000d5700000)
  object space 111104K, 45% used [0x0000000080400000,0x00000000835d8008,0x0000000087080000)
 Metaspace       used 45132K, capacity 46494K, committed 46720K, reserved 1089536K
  class space    used 5887K, capacity 6191K, committed 6272K, reserved 1048576K
Event: 12.218 GC heap after
Heap after GC invocations=14 (full 2):
 PSYoungGen      total 517120K, used 2790K [0x00000000d5700000, 0x00000000f6e80000, 0x0000000100000000)
  eden space 493056K, 0% used [0x00000000d5700000,0x00000000d5700000,0x00000000f3880000)
  from space 24064K, 11% used [0x00000000f5700000,0x00000000f59b9a18,0x00000000f6e80000)
  to   space 27648K, 0% used [0x00000000f3880000,0x00000000f3880000,0x00000000f5380000)
 ParOldGen       total 111104K, used 57580K [0x0000000080400000, 0x0000000087080000, 0x00000000d5700000)
  object space 111104K, 51% used [0x0000000080400000,0x0000000083c3b1f8,0x0000000087080000)
 Metaspace       used 45132K, capacity 46494K, committed 46720K, reserved 1089536K
  class space    used 5887K, capacity 6191K, committed 6272K, reserved 1048576K
}
Event: 12.218 GC heap before
{Heap before GC invocations=15 (full 3):
 PSYoungGen      total 517120K, used 2790K [0x00000000d5700000, 0x00000000f6e80000, 0x0000000100000000)
  eden space 493056K, 0% used [0x00000000d5700000,0x00000000d5700000,0x00000000f3880000)
  from space 24064K, 11% used [0x00000000f5700000,0x00000000f59b9a18,0x00000000f6e80000)
  to   space 27648K, 0% used [0x00000000f3880000,0x00000000f3880000,0x00000000f5380000)
 ParOldGen       total 111104K, used 57580K [0x0000000080400000, 0x0000000087080000, 0x00000000d5700000)
  object space 111104K, 51% used [0x0000000080400000,0x0000000083c3b1f8,0x0000000087080000)
 Metaspace       used 45132K, capacity 46494K, committed 46720K, reserved 1089536K
  class space    used 5887K, capacity 6191K, committed 6272K, reserved 1048576K
Event: 12.423 GC heap after
Heap after GC invocations=15 (full 3):
 PSYoungGen      total 517120K, used 0K [0x00000000d5700000, 0x00000000f6e80000, 0x0000000100000000)
  eden space 493056K, 0% used [0x00000000d5700000,0x00000000d5700000,0x00000000f3880000)
  from space 24064K, 0% used [0x00000000f5700000,0x00000000f5700000,0x00000000f6e80000)
  to   space 27648K, 0% used [0x00000000f3880000,0x00000000f3880000,0x00000000f5380000)
 ParOldGen       total 111104K, used 37294K [0x0000000080400000, 0x0000000087080000, 0x00000000d5700000)
  object space 111104K, 33% used [0x0000000080400000,0x000000008286ba58,0x0000000087080000)
 Metaspace       used 45132K, capacity 46494K, committed 46720K, reserved 1089536K
  class space    used 5887K, capacity 6191K, committed 6272K, reserved 1048576K
}
Event: 17.194 GC heap before
{Heap before GC invocations=16 (full 3):
 PSYoungGen      total 517120K, used 493056K [0x00000000d5700000, 0x00000000f6e80000, 0x0000000100000000)
  eden space 493056K, 100% used [0x00000000d5700000,0x00000000f3880000,0x00000000f3880000)
  from space 24064K, 0% used [0x00000000f5700000,0x00000000f5700000,0x00000000f6e80000)
  to   space 27648K, 0% used [0x00000000f3880000,0x00000000f3880000,0x00000000f5380000)
 ParOldGen       total 111104K, used 37294K [0x0000000080400000, 0x0000000087080000, 0x00000000d5700000)
  object space 111104K, 33% used [0x0000000080400000,0x000000008286ba58,0x0000000087080000)
 Metaspace       used 58361K, capacity 60802K, committed 61056K, reserved 1101824K
  class space    used 7633K, capacity 8049K, committed 8064K, reserved 1048576K
Event: 17.237 GC heap after
Heap after GC invocations=16 (full 3):
 PSYoungGen      total 520704K, used 22604K [0x00000000d5700000, 0x0000000100000000, 0x0000000100000000)
  eden space 493056K, 0% used [0x00000000d5700000,0x00000000d5700000,0x00000000f3880000)
  from space 27648K, 81% used [0x00000000f3880000,0x00000000f4e931e0,0x00000000f5380000)
  to   space 30208K, 0% used [0x00000000fe280000,0x00000000fe280000,0x0000000100000000)
 ParOldGen       total 111104K, used 37302K [0x0000000080400000, 0x0000000087080000, 0x00000000d5700000)
  object space 111104K, 33% used [0x0000000080400000,0x000000008286da58,0x0000000087080000)
 Metaspace       used 58361K, capacity 60802K, committed 61056K, reserved 1101824K
  class space    used 7633K, capacity 8049K, committed 8064K, reserved 1048576K
}

