# JRE version: Java(TM) SE Runtime Environment (8.0_191-b12) (build 1.8.0_191-b12)
# Java VM: Java HotSpot(TM) 64-Bit Server VM (25.191-b12 mixed mode windows-amd64 compressed oops)
Heap:
 PSYoungGen      total 227328K, used 32553K [0x00000000d5700000, 0x00000000e6500000, 0x0000000100000000)
  eden space 203776K, 9% used [0x00000000d5700000,0x00000000d69ed4f8,0x00000000e1e00000)
  from space 23552K, 55% used [0x00000000e1e00000,0x00000000e2add180,0x00000000e3500000)
  to   space 18432K, 0% used [0x00000000e3500000,0x00000000e3500000,0x00000000e4700000)
 ParOldGen       total 101888K, used 35446K [0x0000000080400000, 0x0000000086780000, 0x00000000d5700000)
  object space 101888K, 34% used [0x0000000080400000,0x000000008269d9e8,0x0000000086780000)
 Metaspace       used 44747K, capacity 46202K, committed 46464K, reserved 1089536K
  class space    used 5991K, capacity 6267K, committed 6272K, reserved 1048576K
GC Heap History (10 events):
Event: 6.195 GC heap before
{Heap before GC invocations=9 (full 1):
 PSYoungGen      total 141312K, used 141311K [0x00000000d5700000, 0x00000000e4700000, 0x0000000100000000)
  eden space 130560K, 100% used [0x00000000d5700000,0x00000000dd680000,0x00000000dd680000)
  from space 10752K, 99% used [0x00000000dd680000,0x00000000de0ffeb8,0x00000000de100000)
  to   space 18432K, 0% used [0x00000000e3500000,0x00000000e3500000,0x00000000e4700000)
 ParOldGen       total 56832K, used 22953K [0x0000000080400000, 0x0000000083b80000, 0x00000000d5700000)
  object space 56832K, 40% used [0x0000000080400000,0x0000000081a6a7b0,0x0000000083b80000)
 Metaspace       used 24975K, capacity 25670K, committed 25984K, reserved 1071104K
  class space    used 3218K, capacity 3395K, committed 3456K, reserved 1048576K
Event: 6.233 GC heap after
Heap after GC invocations=9 (full 1):
 PSYoungGen      total 222208K, used 18426K [0x00000000d5700000, 0x00000000e6500000, 0x0000000100000000)
  eden space 203776K, 0% used [0x00000000d5700000,0x00000000d5700000,0x00000000e1e00000)
  from space 18432K, 99% used [0x00000000e3500000,0x00000000e46feb60,0x00000000e4700000)
  to   space 23552K, 0% used [0x00000000e1e00000,0x00000000e1e00000,0x00000000e3500000)
 ParOldGen       total 56832K, used 28871K [0x0000000080400000, 0x0000000083b80000, 0x00000000d5700000)
  object space 56832K, 50% used [0x0000000080400000,0x0000000082031f58,0x0000000083b80000)
 Metaspace       used 24975K, capacity 25670K, committed 25984K, reserved 1071104K
  class space    used 3218K, capacity 3395K, committed 3456K, reserved 1048576K
}
Event: 7.837 GC heap before
{Heap before GC invocations=10 (full 1):
 PSYoungGen      total 222208K, used 222202K [0x00000000d5700000, 0x00000000e6500000, 0x0000000100000000)
  eden space 203776K, 100% used [0x00000000d5700000,0x00000000e1e00000,0x00000000e1e00000)
  from space 18432K, 99% used [0x00000000e3500000,0x00000000e46feb60,0x00000000e4700000)
  to   space 23552K, 0% used [0x00000000e1e00000,0x00000000e1e00000,0x00000000e3500000)
 ParOldGen       total 56832K, used 28871K [0x0000000080400000, 0x0000000083b80000, 0x00000000d5700000)
  object space 56832K, 50% used [0x0000000080400000,0x0000000082031f58,0x0000000083b80000)
 Metaspace       used 28022K, capacity 28902K, committed 28928K, reserved 1075200K
  class space    used 3635K, capacity 3831K, committed 3840K, reserved 1048576K
Event: 7.890 GC heap after
Heap after GC invocations=10 (full 1):
 PSYoungGen      total 227328K, used 23523K [0x00000000d5700000, 0x00000000e6500000, 0x0000000100000000)
  eden space 203776K, 0% used [0x00000000d5700000,0x00000000d5700000,0x00000000e1e00000)
  from space 23552K, 99% used [0x00000000e1e00000,0x00000000e34f8d60,0x00000000e3500000)
  to   space 18432K, 0% used [0x00000000e3500000,0x00000000e3500000,0x00000000e4700000)
 ParOldGen       total 56832K, used 37762K [0x0000000080400000, 0x0000000083b80000, 0x00000000d5700000)
  object space 56832K, 66% used [0x0000000080400000,0x00000000828e08b8,0x0000000083b80000)
 Metaspace       used 28022K, capacity 28902K, committed 28928K, reserved 1075200K
  class space    used 3635K, capacity 3831K, committed 3840K, reserved 1048576K
}
Event: 9.472 GC heap before
{Heap before GC invocations=11 (full 1):
 PSYoungGen      total 227328K, used 227299K [0x00000000d5700000, 0x00000000e6500000, 0x0000000100000000)
  eden space 203776K, 100% used [0x00000000d5700000,0x00000000e1e00000,0x00000000e1e00000)
  from space 23552K, 99% used [0x00000000e1e00000,0x00000000e34f8d60,0x00000000e3500000)
  to   space 18432K, 0% used [0x00000000e3500000,0x00000000e3500000,0x00000000e4700000)
 ParOldGen       total 56832K, used 37762K [0x0000000080400000, 0x0000000083b80000, 0x00000000d5700000)
  object space 56832K, 66% used [0x0000000080400000,0x00000000828e08b8,0x0000000083b80000)
 Metaspace       used 31790K, capacity 33090K, committed 33152K, reserved 1077248K
  class space    used 4154K, capacity 4437K, committed 4480K, reserved 1048576K
Event: 9.499 GC heap after
Heap after GC invocations=11 (full 1):
 PSYoungGen      total 222208K, used 14777K [0x00000000d5700000, 0x00000000e6500000, 0x0000000100000000)
  eden space 203776K, 0% used [0x00000000d5700000,0x00000000d5700000,0x00000000e1e00000)
  from space 18432K, 80% used [0x00000000e3500000,0x00000000e436e720,0x00000000e4700000)
  to   space 23552K, 0% used [0x00000000e1e00000,0x00000000e1e00000,0x00000000e3500000)
 ParOldGen       total 56832K, used 46783K [0x0000000080400000, 0x0000000083b80000, 0x00000000d5700000)
  object space 56832K, 82% used [0x0000000080400000,0x00000000831afdc0,0x0000000083b80000)
 Metaspace       used 31790K, capacity 33090K, committed 33152K, reserved 1077248K
  class space    used 4154K, capacity 4437K, committed 4480K, reserved 1048576K
}
Event: 9.499 GC heap before
{Heap before GC invocations=12 (full 2):
 PSYoungGen      total 222208K, used 14777K [0x00000000d5700000, 0x00000000e6500000, 0x0000000100000000)
  eden space 203776K, 0% used [0x00000000d5700000,0x00000000d5700000,0x00000000e1e00000)
  from space 18432K, 80% used [0x00000000e3500000,0x00000000e436e720,0x00000000e4700000)
  to   space 23552K, 0% used [0x00000000e1e00000,0x00000000e1e00000,0x00000000e3500000)
 ParOldGen       total 56832K, used 46783K [0x0000000080400000, 0x0000000083b80000, 0x00000000d5700000)
  object space 56832K, 82% used [0x0000000080400000,0x00000000831afdc0,0x0000000083b80000)
 Metaspace       used 31790K, capacity 33090K, committed 33152K, reserved 1077248K
  class space    used 4154K, capacity 4437K, committed 4480K, reserved 1048576K
Event: 9.605 GC heap after
Heap after GC invocations=12 (full 2):
 PSYoungGen      total 222208K, used 0K [0x00000000d5700000, 0x00000000e6500000, 0x0000000100000000)
  eden space 203776K, 0% used [0x00000000d5700000,0x00000000d5700000,0x00000000e1e00000)
  from space 18432K, 0% used [0x00000000e3500000,0x00000000e3500000,0x00000000e4700000)
  to   space 23552K, 0% used [0x00000000e1e00000,0x00000000e1e00000,0x00000000e3500000)
 ParOldGen       total 101888K, used 35438K [0x0000000080400000, 0x0000000086780000, 0x00000000d5700000)
  object space 101888K, 34% used [0x0000000080400000,0x000000008269b9e8,0x0000000086780000)
 Metaspace       used 31790K, capacity 33090K, committed 33152K, reserved 1077248K
  class space    used 4154K, capacity 4437K, committed 4480K, reserved 1048576K
}
Event: 12.842 GC heap before
{Heap before GC invocations=13 (full 2):
 PSYoungGen      total 222208K, used 203776K [0x00000000d5700000, 0x00000000e6500000, 0x0000000100000000)
  eden space 203776K, 100% used [0x00000000d5700000,0x00000000e1e00000,0x00000000e1e00000)
  from space 18432K, 0% used [0x00000000e3500000,0x00000000e3500000,0x00000000e4700000)
  to   space 23552K, 0% used [0x00000000e1e00000,0x00000000e1e00000,0x00000000e3500000)
 ParOldGen       total 101888K, used 35438K [0x0000000080400000, 0x0000000086780000, 0x00000000d5700000)
  object space 101888K, 34% used [0x0000000080400000,0x000000008269b9e8,0x0000000086780000)
 Metaspace       used 44150K, capacity 45524K, committed 45696K, reserved 1089536K
  class space    used 5929K, capacity 6196K, committed 6272K, reserved 1048576K
Event: 12.857 GC heap after
Heap after GC invocations=13 (full 2):
 PSYoungGen      total 227328K, used 13172K [0x00000000d5700000, 0x00000000e6500000, 0x0000000100000000)
  eden space 203776K, 0% used [0x00000000d5700000,0x00000000d5700000,0x00000000e1e00000)
  from space 23552K, 55% used [0x00000000e1e00000,0x00000000e2add180,0x00000000e3500000)
  to   space 18432K, 0% used [0x00000000e3500000,0x00000000e3500000,0x00000000e4700000)
 ParOldGen       total 101888K, used 35446K [0x0000000080400000, 0x0000000086780000, 0x00000000d5700000)
  object space 101888K, 34% used [0x0000000080400000,0x000000008269d9e8,0x0000000086780000)
 Metaspace       used 44150K, capacity 45524K, committed 45696K, reserved 1089536K
  class space    used 5929K, capacity 6196K, committed 6272K, reserved 1048576K
}

