# JRE version: Java(TM) SE Runtime Environment (8.0_191-b12) (build 1.8.0_191-b12)
# Java VM: Java HotSpot(TM) 64-Bit Server VM (25.191-b12 mixed mode windows-amd64 compressed oops)
Heap:
 PSYoungGen      total 71680K, used 57315K [0x00000000d5700000, 0x00000000da200000, 0x0000000100000000)
  eden space 66560K, 78% used [0x00000000d5700000,0x00000000d8a00a78,0x00000000d9800000)
  from space 5120K, 99% used [0x00000000d9d00000,0x00000000da1f8190,0x00000000da200000)
  to   space 5120K, 0% used [0x00000000d9800000,0x00000000d9800000,0x00000000d9d00000)
 ParOldGen       total 56320K, used 37494K [0x0000000080400000, 0x0000000083b00000, 0x00000000d5700000)
  object space 56320K, 66% used [0x0000000080400000,0x000000008289d890,0x0000000083b00000)
 Metaspace       used 23524K, capacity 24140K, committed 24320K, reserved 1071104K
  class space    used 3026K, capacity 3218K, committed 3328K, reserved 1048576K
GC Heap History (10 events):
Event: 1.835 GC heap before
{Heap before GC invocations=5 (full 0):
 PSYoungGen      total 71680K, used 48044K [0x00000000d5700000, 0x00000000da200000, 0x0000000100000000)
  eden space 66560K, 64% used [0x00000000d5700000,0x00000000d80ed2d0,0x00000000d9800000)
  from space 5120K, 99% used [0x00000000d9d00000,0x00000000da1fe010,0x00000000da200000)
  to   space 5120K, 0% used [0x00000000d9800000,0x00000000d9800000,0x00000000d9d00000)
 ParOldGen       total 87552K, used 7432K [0x0000000080400000, 0x0000000085980000, 0x00000000d5700000)
  object space 87552K, 8% used [0x0000000080400000,0x0000000080b42050,0x0000000085980000)
 Metaspace       used 20536K, capacity 21104K, committed 21248K, reserved 1067008K
  class space    used 2644K, capacity 2810K, committed 2816K, reserved 1048576K
Event: 1.852 GC heap after
Heap after GC invocations=5 (full 0):
 PSYoungGen      total 71680K, used 5112K [0x00000000d5700000, 0x00000000da200000, 0x0000000100000000)
  eden space 66560K, 0% used [0x00000000d5700000,0x00000000d5700000,0x00000000d9800000)
  from space 5120K, 99% used [0x00000000d9800000,0x00000000d9cfe040,0x00000000d9d00000)
  to   space 5120K, 0% used [0x00000000d9d00000,0x00000000d9d00000,0x00000000da200000)
 ParOldGen       total 87552K, used 10909K [0x0000000080400000, 0x0000000085980000, 0x00000000d5700000)
  object space 87552K, 12% used [0x0000000080400000,0x0000000080ea7488,0x0000000085980000)
 Metaspace       used 20536K, capacity 21104K, committed 21248K, reserved 1067008K
  class space    used 2644K, capacity 2810K, committed 2816K, reserved 1048576K
}
Event: 1.852 GC heap before
{Heap before GC invocations=6 (full 1):
 PSYoungGen      total 71680K, used 5112K [0x00000000d5700000, 0x00000000da200000, 0x0000000100000000)
  eden space 66560K, 0% used [0x00000000d5700000,0x00000000d5700000,0x00000000d9800000)
  from space 5120K, 99% used [0x00000000d9800000,0x00000000d9cfe040,0x00000000d9d00000)
  to   space 5120K, 0% used [0x00000000d9d00000,0x00000000d9d00000,0x00000000da200000)
 ParOldGen       total 87552K, used 10909K [0x0000000080400000, 0x0000000085980000, 0x00000000d5700000)
  object space 87552K, 12% used [0x0000000080400000,0x0000000080ea7488,0x0000000085980000)
 Metaspace       used 20536K, capacity 21104K, committed 21248K, reserved 1067008K
  class space    used 2644K, capacity 2810K, committed 2816K, reserved 1048576K
Event: 1.899 GC heap after
Heap after GC invocations=6 (full 1):
 PSYoungGen      total 71680K, used 0K [0x00000000d5700000, 0x00000000da200000, 0x0000000100000000)
  eden space 66560K, 0% used [0x00000000d5700000,0x00000000d5700000,0x00000000d9800000)
  from space 5120K, 0% used [0x00000000d9800000,0x00000000d9800000,0x00000000d9d00000)
  to   space 5120K, 0% used [0x00000000d9d00000,0x00000000d9d00000,0x00000000da200000)
 ParOldGen       total 56320K, used 9754K [0x0000000080400000, 0x0000000083b00000, 0x00000000d5700000)
  object space 56320K, 17% used [0x0000000080400000,0x0000000080d869e0,0x0000000083b00000)
 Metaspace       used 20536K, capacity 21104K, committed 21248K, reserved 1067008K
  class space    used 2644K, capacity 2810K, committed 2816K, reserved 1048576K
}
Event: 2.652 GC heap before
{Heap before GC invocations=7 (full 1):
 PSYoungGen      total 71680K, used 66560K [0x00000000d5700000, 0x00000000da200000, 0x0000000100000000)
  eden space 66560K, 100% used [0x00000000d5700000,0x00000000d9800000,0x00000000d9800000)
  from space 5120K, 0% used [0x00000000d9800000,0x00000000d9800000,0x00000000d9d00000)
  to   space 5120K, 0% used [0x00000000d9d00000,0x00000000d9d00000,0x00000000da200000)
 ParOldGen       total 56320K, used 9754K [0x0000000080400000, 0x0000000083b00000, 0x00000000d5700000)
  object space 56320K, 17% used [0x0000000080400000,0x0000000080d869e0,0x0000000083b00000)
 Metaspace       used 23390K, capacity 24032K, committed 24192K, reserved 1071104K
  class space    used 3004K, capacity 3186K, committed 3200K, reserved 1048576K
Event: 2.672 GC heap after
Heap after GC invocations=7 (full 1):
 PSYoungGen      total 71680K, used 5107K [0x00000000d5700000, 0x00000000da200000, 0x0000000100000000)
  eden space 66560K, 0% used [0x00000000d5700000,0x00000000d5700000,0x00000000d9800000)
  from space 5120K, 99% used [0x00000000d9d00000,0x00000000da1fcfb0,0x00000000da200000)
  to   space 5120K, 0% used [0x00000000d9800000,0x00000000d9800000,0x00000000d9d00000)
 ParOldGen       total 56320K, used 16926K [0x0000000080400000, 0x0000000083b00000, 0x00000000d5700000)
  object space 56320K, 30% used [0x0000000080400000,0x0000000081487b38,0x0000000083b00000)
 Metaspace       used 23390K, capacity 24032K, committed 24192K, reserved 1071104K
  class space    used 3004K, capacity 3186K, committed 3200K, reserved 1048576K
}
Event: 3.214 GC heap before
{Heap before GC invocations=8 (full 1):
 PSYoungGen      total 71680K, used 71667K [0x00000000d5700000, 0x00000000da200000, 0x0000000100000000)
  eden space 66560K, 100% used [0x00000000d5700000,0x00000000d9800000,0x00000000d9800000)
  from space 5120K, 99% used [0x00000000d9d00000,0x00000000da1fcfb0,0x00000000da200000)
  to   space 5120K, 0% used [0x00000000d9800000,0x00000000d9800000,0x00000000d9d00000)
 ParOldGen       total 56320K, used 16926K [0x0000000080400000, 0x0000000083b00000, 0x00000000d5700000)
  object space 56320K, 30% used [0x0000000080400000,0x0000000081487b38,0x0000000083b00000)
 Metaspace       used 23427K, capacity 24044K, committed 24192K, reserved 1071104K
  class space    used 3008K, capacity 3186K, committed 3200K, reserved 1048576K
Event: 3.237 GC heap after
Heap after GC invocations=8 (full 1):
 PSYoungGen      total 71680K, used 5107K [0x00000000d5700000, 0x00000000da200000, 0x0000000100000000)
  eden space 66560K, 0% used [0x00000000d5700000,0x00000000d5700000,0x00000000d9800000)
  from space 5120K, 99% used [0x00000000d9800000,0x00000000d9cfcfb0,0x00000000d9d00000)
  to   space 5120K, 0% used [0x00000000d9d00000,0x00000000d9d00000,0x00000000da200000)
 ParOldGen       total 56320K, used 27768K [0x0000000080400000, 0x0000000083b00000, 0x00000000d5700000)
  object space 56320K, 49% used [0x0000000080400000,0x0000000081f1e190,0x0000000083b00000)
 Metaspace       used 23427K, capacity 24044K, committed 24192K, reserved 1071104K
  class space    used 3008K, capacity 3186K, committed 3200K, reserved 1048576K
}
Event: 3.613 GC heap before
{Heap before GC invocations=9 (full 1):
 PSYoungGen      total 71680K, used 71667K [0x00000000d5700000, 0x00000000da200000, 0x0000000100000000)
  eden space 66560K, 100% used [0x00000000d5700000,0x00000000d9800000,0x00000000d9800000)
  from space 5120K, 99% used [0x00000000d9800000,0x00000000d9cfcfb0,0x00000000d9d00000)
  to   space 5120K, 0% used [0x00000000d9d00000,0x00000000d9d00000,0x00000000da200000)
 ParOldGen       total 56320K, used 27768K [0x0000000080400000, 0x0000000083b00000, 0x00000000d5700000)
  object space 56320K, 49% used [0x0000000080400000,0x0000000081f1e190,0x0000000083b00000)
 Metaspace       used 23484K, capacity 24140K, committed 24320K, reserved 1071104K
  class space    used 3020K, capacity 3218K, committed 3328K, reserved 1048576K
Event: 3.640 GC heap after
Heap after GC invocations=9 (full 1):
 PSYoungGen      total 71680K, used 5088K [0x00000000d5700000, 0x00000000da200000, 0x0000000100000000)
  eden space 66560K, 0% used [0x00000000d5700000,0x00000000d5700000,0x00000000d9800000)
  from space 5120K, 99% used [0x00000000d9d00000,0x00000000da1f8190,0x00000000da200000)
  to   space 5120K, 0% used [0x00000000d9800000,0x00000000d9800000,0x00000000d9d00000)
 ParOldGen       total 56320K, used 37494K [0x0000000080400000, 0x0000000083b00000, 0x00000000d5700000)
  object space 56320K, 66% used [0x0000000080400000,0x000000008289d890,0x0000000083b00000)
 Metaspace       used 23484K, capacity 24140K, committed 24320K, reserved 1071104K
  class space    used 3020K, capacity 3218K, committed 3328K, reserved 1048576K
}

